Arguments: 
  /Users/chenxi/.nvm/versions/node/v15.8.0/bin/node /usr/local/Cellar/yarn/1.17.3/libexec/bin/yarn.js dev

PATH: 
  /Users/chenxi/.nvm/versions/node/v15.8.0/bin:/你自己安装这个软件的路径/这个软件文件夹名字/bin:/usr/local/bin:/usr/bin:/bin:/usr/sbin:/sbin:/Library/Apple/usr/bin.bash_profile:/Volumes/web/demo/Flutter/flutter/bin:/Volumes/web/demo/Flutter/flutter/bin/cache/dart-sdk/bin

Yarn version: 
  1.17.3

Node version: 
  15.8.0

Platform: 
  darwin x64

Trace: 
  SyntaxError: /Volumes/web/demo/vue3.0/vue3.0-vite.20-element-plus/package.json: Unexpected token / in JSON at position 903
      at JSON.parse (<anonymous>)
      at /usr/local/Cellar/yarn/1.17.3/libexec/lib/cli.js:1625:59
      at Generator.next (<anonymous>)
      at step (/usr/local/Cellar/yarn/1.17.3/libexec/lib/cli.js:304:30)
      at /usr/local/Cellar/yarn/1.17.3/libexec/lib/cli.js:315:13

npm manifest: 
  {
    "name": "my-vue-app",
    "version": "0.0.0",
    "scripts": {
      "dev": "vite",
      "build": "vite build",
      "serve": "vite preview",
      "format": "onchange 'test/**/*.js' 'src/**/*.js' 'src/**/*.vue' -- prettier --write {{changed}}"
    },
    "dependencies": {
      "element-plus": "1.0.2-beta.35",
      "vue": "^3.0.5",
      "vue-i18n": "^9.0.0",
      "vue-router": "^4.0.5"
    },
    "devDependencies": {
      "@vitejs/plugin-vue": "^1.1.5",
      "@vue/compiler-sfc": "^3.0.5",
      "@vue/eslint-config-prettier": "^6.0.0",
      "babel-eslint": "^10.1.0",
      "babel-plugin-import": "^1.13.3",
      "eslint": "^7.22.0",
      "eslint-config-prettier": "^8.1.0",
      "eslint-config-standard": "^16.0.2",
      "eslint-plugin-prettier": "^3.3.1",
      "husky": "^5.1.3",
      "lint-staged": "^10.5.4",
      "prettier": "^2.2.1",
      "sass": "^1.32.8",
      "typescript": "^4.1.3",
      "vite": "^2.0.5"
    },
    "husky": { // 安装 lint-staged，husky，prettier 执行git commit操作的时候就会把你配置需要格式化的文件进行格式化
      "hooks": {
        "pre-commit": "lint-staged"
      }
    },
    "lint-staged": { // 安装 lint-staged，husky，prettier 执行git commit操作的时候就会把你配置需要格式化的文件进行格式化
      "src/**/*.{js,jsx,ts,tsx,json,css,scss,md}": [
        "prettier --write",
        "eslint",
        "git add"
      ]
    }
  }

yarn manifest: 
  No manifest

Lockfile: 
  No lockfile
